<?xml version="1.0" encoding="UTF-8"?>
<!-- Generated by org.testng.reporters.JUnitReportReporter -->
<testsuite hostname="LTIN237719" failures="0" tests="1" name="miniproject.stage2project" time="11.503" errors="0" timestamp="2024-04-09T10:38:18 IST" skipped="0">
  <testcase classname="miniproject.stage2project" name="test" time="11.503"/>
  <system-out/>
</testsuite> <!-- miniproject.stage2project -->
