<?xml version="1.0" encoding="UTF-8"?>
<!-- Generated by org.testng.reporters.JUnitReportReporter -->
<testsuite hostname="LTIN237719" failures="0" tests="1" name="miniproject.abhas" time="0.037" errors="0" timestamp="2024-03-11T15:29:17 IST" skipped="0">
  <testcase classname="miniproject.abhas" name="f" time="0.037"/>
  <system-out/>
</testsuite> <!-- miniproject.abhas -->
