<?xml version="1.0" encoding="UTF-8"?>
<!-- Generated by org.testng.reporters.JUnitReportReporter -->
<testsuite hostname="LTIN237719" failures="0" tests="1" name="NewTest" time="0.033" errors="0" timestamp="2024-03-08T10:58:00 IST" skipped="0">
  <testcase classname="NewTest" name="f" time="0.033"/>
  <system-out/>
</testsuite> <!-- NewTest -->
