<?xml version="1.0" encoding="UTF-8"?>
<!-- Generated by org.testng.reporters.JUnitReportReporter -->
<testsuite hostname="LTIN237719" failures="0" tests="1" name="miniproject.NewTest" time="12.444" errors="0" timestamp="2024-03-12T12:05:41 IST" skipped="0">
  <testcase classname="miniproject.NewTest" name="f" time="12.444"/>
</testsuite> <!-- miniproject.NewTest -->
