<?xml version="1.0" encoding="UTF-8"?>
<!-- Generated by org.testng.reporters.JUnitReportReporter -->
<testsuite hostname="LTIN237719" failures="0" tests="1" name="NewTest1" time="0.007" errors="0" timestamp="2024-03-08T10:56:44 IST" skipped="0">
  <testcase classname="NewTest1" name="f" time="0.007"/>
</testsuite> <!-- NewTest1 -->
