<?xml version="1.0" encoding="UTF-8"?>
<!-- Generated by org.testng.reporters.JUnitReportReporter -->
<testsuite hostname="LTIN237719" failures="0" tests="1" name="NewTest" time="0.009" errors="0" timestamp="2024-03-08T11:20:06 IST" skipped="0">
  <testcase classname="NewTest" name="f" time="0.009"/>
</testsuite> <!-- NewTest -->
